<?xml version="1.0" encoding="UTF-8"?>
<!-- Generated by org.testng.reporters.JUnitReportReporter -->
<testsuite skipped="0" hostname="ARAVINDA-DELL-PERSONAL" name="com.synechron.ws.wstraining.basics.get.GetTrelloBoard" tests="4" failures="0" timestamp="2021-05-27T16:30:43 IST" time="1.986" errors="0">
  <testcase name="validateGetBoardInBDDStyle" time="0.491" classname="com.synechron.ws.wstraining.basics.get.GetTrelloBoard"/>
  <system-out/>
  <testcase name="validateGetBoardInBDDStyleSimplified" time="0.503" classname="com.synechron.ws.wstraining.basics.get.GetTrelloBoard"/>
  <system-out/>
  <testcase name="validateGetBoardInExpectFormat" time="0.517" classname="com.synechron.ws.wstraining.basics.get.GetTrelloBoard"/>
  <system-out/>
  <testcase name="validateGetBoardInRestFormat" time="0.475" classname="com.synechron.ws.wstraining.basics.get.GetTrelloBoard"/>
  <system-out/>
</testsuite> <!-- com.synechron.ws.wstraining.basics.get.GetTrelloBoard -->
