<?xml version="1.0" encoding="UTF-8"?>
<!-- Generated by org.testng.reporters.JUnitReportReporter -->
<testsuite skipped="0" hostname="ARAVINDA-DELL-PERSONAL" name="com.synechron.ws.wstraining.basics.auth.CreatePayment" tests="1" failures="0" timestamp="2021-05-27T16:30:43 IST" time="0.987" errors="0">
  <testcase name="createPayment" time="0.987" classname="com.synechron.ws.wstraining.basics.auth.CreatePayment"/>
  <system-out/>
</testsuite> <!-- com.synechron.ws.wstraining.basics.auth.CreatePayment -->
