<?xml version="1.0" encoding="UTF-8"?>
<!-- Generated by org.testng.reporters.JUnitReportReporter -->
<testsuite skipped="0" hostname="ARAVINDA-DELL-PERSONAL" name="com.synechron.ws.wstraining.basics.get.GetBoardWithValidation" tests="8" failures="0" timestamp="2021-05-27T16:30:43 IST" time="9.432" errors="0">
  <testcase name="validateResponseHeaderInGet" time="0.642" classname="com.synechron.ws.wstraining.basics.get.GetBoardWithValidation"/>
  <system-out/>
  <testcase name="validateKeyExist" time="0.674" classname="com.synechron.ws.wstraining.basics.get.GetBoardWithValidation"/>
  <system-out/>
  <testcase name="verifyPerticularValue" time="0.553" classname="com.synechron.ws.wstraining.basics.get.GetBoardWithValidation"/>
  <system-out/>
  <testcase name="validateBodyInGet" time="0.616" classname="com.synechron.ws.wstraining.basics.get.GetBoardWithValidation"/>
  <system-out/>
  <testcase name="validateResponseInArray" time="0.581" classname="com.synechron.ws.wstraining.basics.get.GetBoardWithValidation"/>
  <system-out/>
  <testcase name="multipleAssertions" time="5.184" classname="com.synechron.ws.wstraining.basics.get.GetBoardWithValidation"/>
  <system-out/>
  <testcase name="validateMultipleValuesInArray" time="0.572" classname="com.synechron.ws.wstraining.basics.get.GetBoardWithValidation"/>
  <system-out/>
  <testcase name="printAllArrayElements" time="0.610" classname="com.synechron.ws.wstraining.basics.get.GetBoardWithValidation"/>
  <system-out/>
</testsuite> <!-- com.synechron.ws.wstraining.basics.get.GetBoardWithValidation -->
