<?xml version="1.0" encoding="UTF-8"?>
<!-- Generated by org.testng.reporters.JUnitReportReporter -->
<testsuite skipped="0" hostname="ARAVINDA-DELL-PERSONAL" name="com.synechron.ws.wstraining.basics.post.CreateRepositoryWithPOJO" tests="1" failures="0" timestamp="27 May 2021 04:47:38 GMT" time="6.836" errors="0">
  <testcase name="validateCreateRepository" time="6.836" classname="com.synechron.ws.wstraining.basics.post.CreateRepositoryWithPOJO"/>
</testsuite> <!-- com.synechron.ws.wstraining.basics.post.CreateRepositoryWithPOJO -->
