<?xml version="1.0" encoding="UTF-8"?>
<!-- Generated by org.testng.reporters.JUnitReportReporter -->
<testsuite skipped="0" hostname="ARAVINDA-DELL-PERSONAL" name="com.synechron.ws.wstraining.basics.resTime.ValidateResponseTime" tests="2" failures="0" timestamp="27 May 2021 07:24:15 GMT" time="3.722" errors="0">
  <testcase name="responseInSec" time="3.313" classname="com.synechron.ws.wstraining.basics.resTime.ValidateResponseTime"/>
  <testcase name="responseINMS" time="0.409" classname="com.synechron.ws.wstraining.basics.resTime.ValidateResponseTime"/>
</testsuite> <!-- com.synechron.ws.wstraining.basics.resTime.ValidateResponseTime -->
