<?xml version="1.0" encoding="UTF-8"?>
<!-- Generated by org.testng.reporters.JUnitReportReporter -->
<testsuite skipped="0" hostname="ARAVINDA-DELL-PERSONAL" name="com.synechron.ws.wstraining.basics.log.LogsDemo" tests="1" failures="0" timestamp="26 May 2021 09:49:47 GMT" time="5.468" errors="0">
  <testcase name="createValidataleResponseUsingJayway" time="5.468" classname="com.synechron.ws.wstraining.basics.log.LogsDemo"/>
</testsuite> <!-- com.synechron.ws.wstraining.basics.log.LogsDemo -->
