<?xml version="1.0" encoding="UTF-8"?>
<!-- Generated by org.testng.reporters.JUnitReportReporter -->
<testsuite skipped="0" hostname="ARAVINDA-DELL-PERSONAL" name="com.synechron.ws.wstraining.basics.response.ValidatableResponseDemo" tests="6" failures="0" timestamp="26 May 2021 06:35:10 GMT" time="7.199" errors="0">
  <testcase name="getNodeWithConditionTest" time="0.143" classname="com.synechron.ws.wstraining.basics.response.ValidatableResponseDemo"/>
  <testcase name="getURLWithMaxConditionTest" time="0.201" classname="com.synechron.ws.wstraining.basics.response.ValidatableResponseDemo"/>
  <testcase name="getUrlFromNodeWithConditionTest" time="0.126" classname="com.synechron.ws.wstraining.basics.response.ValidatableResponseDemo"/>
  <testcase name="createValidataleResponseTest" time="6.620" classname="com.synechron.ws.wstraining.basics.response.ValidatableResponseDemo"/>
  <testcase name="getNodeWithMinConditionTest" time="0.054" classname="com.synechron.ws.wstraining.basics.response.ValidatableResponseDemo"/>
  <testcase name="getNodeWithMaxConditionTest" time="0.055" classname="com.synechron.ws.wstraining.basics.response.ValidatableResponseDemo"/>
</testsuite> <!-- com.synechron.ws.wstraining.basics.response.ValidatableResponseDemo -->
