<?xml version="1.0" encoding="UTF-8"?>
<!-- Generated by org.testng.reporters.JUnitReportReporter -->
<testsuite skipped="0" hostname="ARAVINDA-DELL-PERSONAL" name="com.synechron.ws.wstraining.basics.get.GetBoardWithValidation" tests="8" failures="0" timestamp="27 May 2021 10:53:20 GMT" time="10.057" errors="0">
  <testcase name="verifyPerticularValue" time="0.643" classname="com.synechron.ws.wstraining.basics.get.GetBoardWithValidation"/>
  <testcase name="validateBodyInGet" time="0.539" classname="com.synechron.ws.wstraining.basics.get.GetBoardWithValidation"/>
  <testcase name="printAllArrayElements" time="0.731" classname="com.synechron.ws.wstraining.basics.get.GetBoardWithValidation"/>
  <testcase name="multipleAssertions" time="5.214" classname="com.synechron.ws.wstraining.basics.get.GetBoardWithValidation"/>
  <testcase name="validateMultipleValuesInArray" time="0.549" classname="com.synechron.ws.wstraining.basics.get.GetBoardWithValidation"/>
  <testcase name="validateResponseHeaderInGet" time="0.547" classname="com.synechron.ws.wstraining.basics.get.GetBoardWithValidation"/>
  <testcase name="validateResponseInArray" time="0.547" classname="com.synechron.ws.wstraining.basics.get.GetBoardWithValidation"/>
  <testcase name="validateKeyExist" time="1.287" classname="com.synechron.ws.wstraining.basics.get.GetBoardWithValidation"/>
</testsuite> <!-- com.synechron.ws.wstraining.basics.get.GetBoardWithValidation -->
