<?xml version="1.0" encoding="UTF-8"?>
<!-- Generated by org.testng.reporters.JUnitReportReporter -->
<testsuite skipped="0" hostname="ARAVINDA-DELL-PERSONAL" name="com.synechron.ws.wstraining.basics.response.JsonPathDemo" tests="2" failures="0" timestamp="26 May 2021 05:43:57 GMT" time="7.796" errors="0">
  <testcase name="validateArrayInGet" time="7.095" classname="com.synechron.ws.wstraining.basics.response.JsonPathDemo"/>
  <testcase name="validateBodyInGet" time="0.701" classname="com.synechron.ws.wstraining.basics.response.JsonPathDemo"/>
</testsuite> <!-- com.synechron.ws.wstraining.basics.response.JsonPathDemo -->
