<?xml version="1.0" encoding="UTF-8"?>
<!-- Generated by org.testng.reporters.JUnitReportReporter -->
<testsuite skipped="0" hostname="ARAVINDA-DELL-PERSONAL" name="com.synechron.ws.wstraining.basics.response.JaywayDemo" tests="3" failures="0" timestamp="26 May 2021 07:51:44 GMT" time="4.442" errors="0">
  <testcase name="getArray" time="0.125" classname="com.synechron.ws.wstraining.basics.response.JaywayDemo"/>
  <testcase name="getID" time="0.004" classname="com.synechron.ws.wstraining.basics.response.JaywayDemo"/>
  <testcase name="createValidataleResponseUsingJayway" time="4.313" classname="com.synechron.ws.wstraining.basics.response.JaywayDemo"/>
</testsuite> <!-- com.synechron.ws.wstraining.basics.response.JaywayDemo -->
