<?xml version="1.0" encoding="UTF-8"?>
<!-- Generated by org.testng.reporters.JUnitReportReporter -->
<testsuite skipped="0" hostname="ARAVINDA-DELL-PERSONAL" name="com.synechron.ws.wstraining.basics.get.GetBoardWithValidation" tests="8" failures="0" timestamp="26 May 2021 04:29:43 GMT" time="10.917" errors="0">
  <testcase name="validateMultipleValuesInArray" time="0.622" classname="com.synechron.ws.wstraining.basics.get.GetBoardWithValidation"/>
  <testcase name="multipleAssertions" time="6.166" classname="com.synechron.ws.wstraining.basics.get.GetBoardWithValidation"/>
  <testcase name="validateBodyInGet" time="0.687" classname="com.synechron.ws.wstraining.basics.get.GetBoardWithValidation"/>
  <testcase name="printAllArrayElements" time="0.729" classname="com.synechron.ws.wstraining.basics.get.GetBoardWithValidation"/>
  <testcase name="validateResponseInArray" time="0.610" classname="com.synechron.ws.wstraining.basics.get.GetBoardWithValidation"/>
  <testcase name="verifyPerticularValue" time="0.709" classname="com.synechron.ws.wstraining.basics.get.GetBoardWithValidation"/>
  <testcase name="validateKeyExist" time="0.736" classname="com.synechron.ws.wstraining.basics.get.GetBoardWithValidation"/>
  <testcase name="validateResponseHeaderInGet" time="0.658" classname="com.synechron.ws.wstraining.basics.get.GetBoardWithValidation"/>
</testsuite> <!-- com.synechron.ws.wstraining.basics.get.GetBoardWithValidation -->
