<?xml version="1.0" encoding="UTF-8"?>
<!-- Generated by org.testng.reporters.JUnitReportReporter -->
<testsuite skipped="0" hostname="ARAVINDA-DELL-PERSONAL" name="com.synechron.ws.wstraining.basics.download.FileDownloadDemo" tests="1" failures="0" timestamp="27 May 2021 07:58:17 GMT" time="4.360" errors="0">
  <testcase name="fileDownoladValidate" time="4.360" classname="com.synechron.ws.wstraining.basics.download.FileDownloadDemo"/>
</testsuite> <!-- com.synechron.ws.wstraining.basics.download.FileDownloadDemo -->
