<?xml version="1.0" encoding="UTF-8"?>
<!-- Generated by org.testng.reporters.JUnitReportReporter -->
<testsuite skipped="0" hostname="ARAVINDA-DELL-PERSONAL" name="com.synechron.ws.wstraining.basics.specifications.CreateRepositoryWithSpecifications" tests="2" failures="0" timestamp="27 May 2021 06:19:20 GMT" time="5.454" errors="0">
  <testcase name="getRepoWithSpec" time="4.697" classname="com.synechron.ws.wstraining.basics.specifications.CreateRepositoryWithSpecifications"/>
  <testcase name="getRepoWithoutSpec" time="0.757" classname="com.synechron.ws.wstraining.basics.specifications.CreateRepositoryWithSpecifications"/>
</testsuite> <!-- com.synechron.ws.wstraining.basics.specifications.CreateRepositoryWithSpecifications -->
