<?xml version="1.0" encoding="UTF-8"?>
<!-- Generated by org.testng.reporters.JUnitReportReporter -->
<testsuite skipped="0" hostname="ARAVINDA-DELL-PERSONAL" name="com.synechron.ws.wstraining.basics.auth.CreatePayment" tests="1" failures="0" timestamp="27 May 2021 10:53:20 GMT" time="0.939" errors="0">
  <testcase name="createPayment" time="0.939" classname="com.synechron.ws.wstraining.basics.auth.CreatePayment"/>
</testsuite> <!-- com.synechron.ws.wstraining.basics.auth.CreatePayment -->
