<?xml version="1.0" encoding="UTF-8"?>
<!-- Generated by org.testng.reporters.JUnitReportReporter -->
<testsuite skipped="0" hostname="ARAVINDA-DELL-PERSONAL" name="com.synechron.ws.wstraining.basics.post.CreateBoard" tests="1" failures="0" timestamp="26 May 2021 10:24:12 GMT" time="4.979" errors="0">
  <testcase name="createBoard" time="4.979" classname="com.synechron.ws.wstraining.basics.post.CreateBoard"/>
</testsuite> <!-- com.synechron.ws.wstraining.basics.post.CreateBoard -->
