<?xml version="1.0" encoding="UTF-8"?>
<!-- Generated by org.testng.reporters.JUnitReportReporter -->
<testsuite skipped="0" hostname="ARAVINDA-DELL-PERSONAL" name="com.synechron.ws.wstraining.basics.get.GetBoardWithValidation" tests="8" failures="0" timestamp="26 May 2021 04:39:44 GMT" time="10.756" errors="0">
  <testcase name="validateMultipleValuesInArray" time="0.596" classname="com.synechron.ws.wstraining.basics.get.GetBoardWithValidation"/>
  <testcase name="multipleAssertions" time="6.022" classname="com.synechron.ws.wstraining.basics.get.GetBoardWithValidation"/>
  <testcase name="validateBodyInGet" time="0.677" classname="com.synechron.ws.wstraining.basics.get.GetBoardWithValidation"/>
  <testcase name="printAllArrayElements" time="0.817" classname="com.synechron.ws.wstraining.basics.get.GetBoardWithValidation"/>
  <testcase name="validateResponseInArray" time="0.600" classname="com.synechron.ws.wstraining.basics.get.GetBoardWithValidation"/>
  <testcase name="verifyPerticularValue" time="0.686" classname="com.synechron.ws.wstraining.basics.get.GetBoardWithValidation"/>
  <testcase name="validateKeyExist" time="0.747" classname="com.synechron.ws.wstraining.basics.get.GetBoardWithValidation"/>
  <testcase name="validateResponseHeaderInGet" time="0.611" classname="com.synechron.ws.wstraining.basics.get.GetBoardWithValidation"/>
</testsuite> <!-- com.synechron.ws.wstraining.basics.get.GetBoardWithValidation -->
