<?xml version="1.0" encoding="UTF-8"?>
<!-- Generated by org.testng.reporters.JUnitReportReporter -->
<testsuite skipped="0" hostname="ARAVINDA-DELL-PERSONAL" name="com.synechron.ws.wstraining.basics.response.JaywayDemo" tests="6" failures="0" timestamp="26 May 2021 09:20:44 GMT" time="5.557" errors="0">
  <testcase name="getAllUtlInResponse" time="0.005" classname="com.synechron.ws.wstraining.basics.response.JaywayDemo"/>
  <testcase name="getAllUtlFromArray" time="0.131" classname="com.synechron.ws.wstraining.basics.response.JaywayDemo"/>
  <testcase name="createValidataleResponseUsingJayway" time="5.375" classname="com.synechron.ws.wstraining.basics.response.JaywayDemo"/>
  <testcase name="getArray" time="0.003" classname="com.synechron.ws.wstraining.basics.response.JaywayDemo"/>
  <testcase name="getID" time="0.005" classname="com.synechron.ws.wstraining.basics.response.JaywayDemo"/>
  <testcase name="jaywayFiltersTest" time="0.038" classname="com.synechron.ws.wstraining.basics.response.JaywayDemo"/>
</testsuite> <!-- com.synechron.ws.wstraining.basics.response.JaywayDemo -->
