<?xml version="1.0" encoding="UTF-8"?>
<!-- Generated by org.testng.reporters.JUnitReportReporter -->
<testsuite skipped="0" hostname="ARAVINDA-DELL-PERSONAL" name="com.synechron.ws.wstraining.basics.post.CreateRepository" tests="1" failures="0" timestamp="26 May 2021 10:33:34 GMT" time="7.067" errors="0">
  <testcase name="validateCreateRepository" time="7.067" classname="com.synechron.ws.wstraining.basics.post.CreateRepository"/>
</testsuite> <!-- com.synechron.ws.wstraining.basics.post.CreateRepository -->
