<?xml version="1.0" encoding="UTF-8"?>
<!-- Generated by org.testng.reporters.JUnitReportReporter -->
<testsuite skipped="0" hostname="ARAVINDA-DELL-PERSONAL" name="com.synechron.ws.wstraining.basics.rootpath.GetBoardWithValidation" tests="4" failures="0" timestamp="27 May 2021 06:55:28 GMT" time="7.851" errors="0">
  <testcase name="validateMultipleValuesInArray" time="0.672" classname="com.synechron.ws.wstraining.basics.rootpath.GetBoardWithValidation"/>
  <testcase name="multipleAssertions" time="5.924" classname="com.synechron.ws.wstraining.basics.rootpath.GetBoardWithValidation"/>
  <testcase name="verifyPerticularValue" time="0.700" classname="com.synechron.ws.wstraining.basics.rootpath.GetBoardWithValidation"/>
  <testcase name="validateResponseInArray" time="0.555" classname="com.synechron.ws.wstraining.basics.rootpath.GetBoardWithValidation"/>
</testsuite> <!-- com.synechron.ws.wstraining.basics.rootpath.GetBoardWithValidation -->
