<?xml version="1.0" encoding="UTF-8"?>
<!-- Generated by org.testng.reporters.JUnitReportReporter -->
<testsuite skipped="0" hostname="ARAVINDA-DELL-PERSONAL" name="com.synechron.ws.wstraining.basics.log.RequestLoggingDemo" tests="2" failures="0" timestamp="26 May 2021 10:07:10 GMT" time="6.364" errors="0">
  <testcase name="requestWithoutFilters" time="1.263" classname="com.synechron.ws.wstraining.basics.log.RequestLoggingDemo"/>
  <testcase name="requestWithFilters" time="5.101" classname="com.synechron.ws.wstraining.basics.log.RequestLoggingDemo"/>
</testsuite> <!-- com.synechron.ws.wstraining.basics.log.RequestLoggingDemo -->
