<?xml version="1.0" encoding="UTF-8"?>
<!-- Generated by org.testng.reporters.JUnitReportReporter -->
<testsuite skipped="0" hostname="ARAVINDA-DELL-PERSONAL" name="com.synechron.ws.wstraining.basics.get.GetTrelloBoard" tests="4" failures="0" timestamp="25 May 2021 09:54:47 GMT" time="4.338" errors="0">
  <testcase name="validateGetBoardInBDDStyleSimplified" time="0.489" classname="com.synechron.ws.wstraining.basics.get.GetTrelloBoard"/>
  <testcase name="validateGetBoardInRestFormat" time="0.468" classname="com.synechron.ws.wstraining.basics.get.GetTrelloBoard"/>
  <testcase name="validateGetBoardInExpectFormat" time="0.481" classname="com.synechron.ws.wstraining.basics.get.GetTrelloBoard"/>
  <testcase name="validateGetBoardInBDDStyle" time="2.900" classname="com.synechron.ws.wstraining.basics.get.GetTrelloBoard"/>
</testsuite> <!-- com.synechron.ws.wstraining.basics.get.GetTrelloBoard -->
