<?xml version="1.0" encoding="UTF-8"?>
<!-- Generated by org.testng.reporters.JUnitReportReporter -->
<testsuite skipped="0" hostname="ARAVINDA-DELL-PERSONAL" name="com.synechron.ws.wstraining.basics.get.GetTrelloBoard" tests="4" failures="0" timestamp="27 May 2021 10:53:20 GMT" time="1.969" errors="0">
  <testcase name="validateGetBoardInRestFormat" time="0.488" classname="com.synechron.ws.wstraining.basics.get.GetTrelloBoard"/>
  <testcase name="validateGetBoardInExpectFormat" time="0.513" classname="com.synechron.ws.wstraining.basics.get.GetTrelloBoard"/>
  <testcase name="validateGetBoardInBDDStyleSimplified" time="0.491" classname="com.synechron.ws.wstraining.basics.get.GetTrelloBoard"/>
  <testcase name="validateGetBoardInBDDStyle" time="0.477" classname="com.synechron.ws.wstraining.basics.get.GetTrelloBoard"/>
</testsuite> <!-- com.synechron.ws.wstraining.basics.get.GetTrelloBoard -->
