<?xml version="1.0" encoding="UTF-8"?>
<!-- Generated by org.testng.reporters.JUnitReportReporter -->
<testsuite skipped="0" hostname="ARAVINDA-DELL-PERSONAL" name="com.synechron.ws.wstraining.basics.auth.PayPalTokenGenerator" tests="1" failures="0" timestamp="27 May 2021 10:14:35 GMT" time="5.381" errors="0">
  <testcase name="getTokenTest" time="5.381" classname="com.synechron.ws.wstraining.basics.auth.PayPalTokenGenerator"/>
</testsuite> <!-- com.synechron.ws.wstraining.basics.auth.PayPalTokenGenerator -->
